<?xml version="1.0" encoding="UTF-8" ?>
<testsuite tests="8" failures="0" name="my.antonov.tests.CucumberRunnerTest" time="0.015" errors="0" skipped="0">
  <properties>
[...]
</properties>
  <testcase classname="| валидными | удачно |" name="Допустим я захожу на тестируемый сайт" time="0.004"/>
  <testcase classname="| валидными | удачно |" name="Если попытаться залогиниться с &quot;валидными&quot; данными" time="0"/>
  <testcase classname="| валидными | удачно |" name="То логирование пройдет удачно" time="0"/>
  <testcase classname="| валидными | удачно |" name="| валидными | удачно |" time="0.001"/>
  <testcase classname="| инвалидными | неудачно |" name="Допустим я захожу на тестируемый сайт" time="0"/>
  <testcase classname="| инвалидными | неудачно |" name="Если попытаться залогиниться с &quot;инвалидными&quot; данными" time="0.001"/>
  <testcase classname="| инвалидными | неудачно |" name="То логирование пройдет неудачно" time="0"/>
  <testcase classname="| инвалидными | неудачно |" name="| инвалидными | неудачно |" time="0.009"/>
</testsuite>